<?xml version="1.0" encoding="UTF-8"?>
<coverage generated="1742061447302" clover="3.2.0">
  <project timestamp="1742061447302" name="All files">
    <metrics statements="13" coveredstatements="6" conditionals="0" coveredconditionals="0" methods="6" coveredmethods="3" elements="19" coveredelements="9" complexity="0" loc="13" ncloc="13" packages="1" files="4" classes="4"/>
    <file name="Add.js" path="C:\Users\zeljka.tot\tau-todo-app\src\Add.js">
      <metrics statements="6" coveredstatements="6" conditionals="0" coveredconditionals="0" methods="3" coveredmethods="3"/>
      <line num="4" count="18" type="stmt"/>
      <line num="7" count="17" type="stmt"/>
      <line num="8" count="16" type="stmt"/>
      <line num="9" count="16" type="stmt"/>
      <line num="10" count="16" type="stmt"/>
      <line num="12" count="17" type="stmt"/>
    </file>
    <file name="App.js" path="C:\Users\zeljka.tot\tau-todo-app\src\App.js">
      <metrics statements="4" coveredstatements="0" conditionals="0" coveredconditionals="0" methods="3" coveredmethods="0"/>
      <line num="4" count="0" type="stmt"/>
      <line num="6" count="0" type="stmt"/>
      <line num="7" count="0" type="stmt"/>
      <line num="10" count="0" type="stmt"/>
    </file>
    <file name="applitools.config.js" path="C:\Users\zeljka.tot\tau-todo-app\src\applitools.config.js">
      <metrics statements="1" coveredstatements="0" conditionals="0" coveredconditionals="0" methods="0" coveredmethods="0"/>
      <line num="1" count="0" type="stmt"/>
    </file>
    <file name="index.js" path="C:\Users\zeljka.tot\tau-todo-app\src\index.js">
      <metrics statements="2" coveredstatements="0" conditionals="0" coveredconditionals="0" methods="0" coveredmethods="0"/>
      <line num="5" count="0" type="stmt"/>
      <line num="6" count="0" type="stmt"/>
    </file>
  </project>
</coverage>
