TN:
SF:src\Add.js
FN:3,Add
FN:7,(anonymous_1)
FN:10,(anonymous_2)
FNF:3
FNH:3
FNDA:18,Add
FNDA:16,(anonymous_1)
FNDA:16,(anonymous_2)
DA:4,18
DA:7,17
DA:8,16
DA:9,16
DA:10,16
DA:12,17
LF:6
LH:6
BRF:0
BRH:0
end_of_record
TN:
SF:src\App.js
FN:3,App
FN:6,(anonymous_1)
FN:7,(anonymous_2)
FNF:3
FNH:0
FNDA:0,App
FNDA:0,(anonymous_1)
FNDA:0,(anonymous_2)
DA:4,0
DA:6,0
DA:7,0
DA:10,0
LF:4
LH:0
BRF:0
BRH:0
end_of_record
TN:
SF:src\applitools.config.js
FNF:0
FNH:0
DA:1,0
LF:1
LH:0
BRF:0
BRH:0
end_of_record
TN:
SF:src\index.js
FNF:0
FNH:0
DA:5,0
DA:6,0
LF:2
LH:0
BRF:0
BRH:0
end_of_record
